<?xml version="1.0" encoding="utf-8"?>
<coverage line-rate="1" branch-rate="1" version="1.9" timestamp="1752749211" lines-covered="320" lines-valid="320" branches-covered="6" branches-valid="6">
  <sources>
    <source>C:\Users\OSIDDHA\Desktop\Trimble-Exercise\SupportPortal.Api\</source>
  </sources>
  <packages>
    <package name="SupportPortal.Api" line-rate="1" branch-rate="1" complexity="21">
      <classes>
        <class name="Program" filename="Program.cs" line-rate="1" branch-rate="1" complexity="1">
          <methods>
            <method name="&lt;Main&gt;$" signature="(System.String[])" line-rate="1" branch-rate="1" complexity="1">
              <lines>
                <line number="3" hits="1" branch="False" />
                <line number="6" hits="1" branch="False" />
                <line number="8" hits="1" branch="False" />
                <line number="9" hits="1" branch="False" />
                <line number="10" hits="1" branch="False" />
                <line number="11" hits="1" branch="False" />
                <line number="12" hits="1" branch="False" />
                <line number="13" hits="1" branch="False" />
                <line number="14" hits="1" branch="False" />
                <line number="15" hits="1" branch="False" />
                <line number="16" hits="2" branch="False" />
                <line number="17" hits="2" branch="False" />
                <line number="20" hits="1" branch="False" />
                <line number="21" hits="1" branch="False" />
                <line number="22" hits="1" branch="False" />
                <line number="23" hits="1" branch="False" />
                <line number="25" hits="1" branch="False" />
                <line number="28" hits="1" branch="False" />
                <line number="29" hits="1" branch="False" />
                <line number="32" hits="1" branch="False" />
                <line number="34" hits="1" branch="False" />
                <line number="35" hits="1" branch="False" />
                <line number="37" hits="1" branch="False" />
              </lines>
            </method>
          </methods>
          <lines>
            <line number="3" hits="1" branch="False" />
            <line number="6" hits="1" branch="False" />
            <line number="8" hits="1" branch="False" />
            <line number="9" hits="1" branch="False" />
            <line number="10" hits="1" branch="False" />
            <line number="11" hits="1" branch="False" />
            <line number="12" hits="1" branch="False" />
            <line number="13" hits="1" branch="False" />
            <line number="14" hits="1" branch="False" />
            <line number="15" hits="1" branch="False" />
            <line number="16" hits="2" branch="False" />
            <line number="17" hits="2" branch="False" />
            <line number="20" hits="1" branch="False" />
            <line number="21" hits="1" branch="False" />
            <line number="22" hits="1" branch="False" />
            <line number="23" hits="1" branch="False" />
            <line number="25" hits="1" branch="False" />
            <line number="28" hits="1" branch="False" />
            <line number="29" hits="1" branch="False" />
            <line number="32" hits="1" branch="False" />
            <line number="34" hits="1" branch="False" />
            <line number="35" hits="1" branch="False" />
            <line number="37" hits="1" branch="False" />
          </lines>
        </class>
        <class name="SupportPortal.Api.SupportTicket" filename="SupportTicket.cs" line-rate="1" branch-rate="1" complexity="7">
          <methods>
            <method name="get_Id" signature="()" line-rate="1" branch-rate="1" complexity="1">
              <lines>
                <line number="5" hits="2121" branch="False" />
              </lines>
            </method>
            <method name="get_Name" signature="()" line-rate="1" branch-rate="1" complexity="1">
              <lines>
                <line number="6" hits="2316" branch="False" />
              </lines>
            </method>
            <method name="get_Email" signature="()" line-rate="1" branch-rate="1" complexity="1">
              <lines>
                <line number="7" hits="2216" branch="False" />
              </lines>
            </method>
            <method name="get_Subject" signature="()" line-rate="1" branch-rate="1" complexity="1">
              <lines>
                <line number="8" hits="2219" branch="False" />
              </lines>
            </method>
            <method name="get_Description" signature="()" line-rate="1" branch-rate="1" complexity="1">
              <lines>
                <line number="9" hits="2216" branch="False" />
              </lines>
            </method>
            <method name="get_Status" signature="()" line-rate="1" branch-rate="1" complexity="1">
              <lines>
                <line number="10" hits="2212" branch="False" />
              </lines>
            </method>
            <method name="get_CreatedDate" signature="()" line-rate="1" branch-rate="1" complexity="1">
              <lines>
                <line number="11" hits="2213" branch="False" />
              </lines>
            </method>
          </methods>
          <lines>
            <line number="5" hits="2121" branch="False" />
            <line number="6" hits="2316" branch="False" />
            <line number="7" hits="2216" branch="False" />
            <line number="8" hits="2219" branch="False" />
            <line number="9" hits="2216" branch="False" />
            <line number="10" hits="2212" branch="False" />
            <line number="11" hits="2213" branch="False" />
          </lines>
        </class>
        <class name="SupportPortal.Api.SupportTicketsController" filename="SupportTicketsController.cs" line-rate="1" branch-rate="1" complexity="7">
          <methods>
            <method name="GetAllTickets" signature="()" line-rate="1" branch-rate="1" complexity="1">
              <lines>
                <line number="18" hits="6" branch="False" />
                <line number="19" hits="6" branch="False" />
                <line number="20" hits="6" branch="False" />
                <line number="21" hits="6" branch="False" />
              </lines>
            </method>
            <method name="GetTicketById" signature="(System.Int32)" line-rate="1" branch-rate="1" complexity="2">
              <lines>
                <line number="25" hits="8" branch="False" />
                <line number="26" hits="8" branch="False" />
                <line number="28" hits="8" branch="True" condition-coverage="100% (2/2)">
                  <conditions>
                    <condition number="20" type="jump" coverage="100%" />
                  </conditions>
                </line>
                <line number="29" hits="4" branch="False" />
                <line number="30" hits="4" branch="False" />
                <line number="33" hits="4" branch="False" />
                <line number="34" hits="8" branch="False" />
              </lines>
            </method>
            <method name="CreateTicket" signature="(SupportPortal.Api.SupportTicket)" line-rate="1" branch-rate="1" complexity="1">
              <lines>
                <line number="38" hits="7" branch="False" />
                <line number="39" hits="7" branch="False" />
                <line number="40" hits="7" branch="False" />
                <line number="41" hits="7" branch="False" />
              </lines>
            </method>
            <method name="CloseTicket" signature="(System.Int32)" line-rate="1" branch-rate="1" complexity="2">
              <lines>
                <line number="45" hits="8" branch="False" />
                <line number="46" hits="8" branch="False" />
                <line number="48" hits="8" branch="True" condition-coverage="100% (2/2)">
                  <conditions>
                    <condition number="20" type="jump" coverage="100%" />
                  </conditions>
                </line>
                <line number="49" hits="4" branch="False" />
                <line number="50" hits="4" branch="False" />
                <line number="53" hits="4" branch="False" />
                <line number="54" hits="8" branch="False" />
              </lines>
            </method>
            <method name=".ctor" signature="(SupportPortal.Api.SupportTicketService)" line-rate="1" branch-rate="1" complexity="1">
              <lines>
                <line number="11" hits="26" branch="False" />
                <line number="12" hits="26" branch="False" />
                <line number="13" hits="26" branch="False" />
                <line number="14" hits="26" branch="False" />
              </lines>
            </method>
          </methods>
          <lines>
            <line number="18" hits="6" branch="False" />
            <line number="19" hits="6" branch="False" />
            <line number="20" hits="6" branch="False" />
            <line number="21" hits="6" branch="False" />
            <line number="25" hits="8" branch="False" />
            <line number="26" hits="8" branch="False" />
            <line number="28" hits="8" branch="True" condition-coverage="100% (2/2)">
              <conditions>
                <condition number="20" type="jump" coverage="100%" />
              </conditions>
            </line>
            <line number="29" hits="4" branch="False" />
            <line number="30" hits="4" branch="False" />
            <line number="33" hits="4" branch="False" />
            <line number="34" hits="8" branch="False" />
            <line number="38" hits="7" branch="False" />
            <line number="39" hits="7" branch="False" />
            <line number="40" hits="7" branch="False" />
            <line number="41" hits="7" branch="False" />
            <line number="45" hits="8" branch="False" />
            <line number="46" hits="8" branch="False" />
            <line number="48" hits="8" branch="True" condition-coverage="100% (2/2)">
              <conditions>
                <condition number="20" type="jump" coverage="100%" />
              </conditions>
            </line>
            <line number="49" hits="4" branch="False" />
            <line number="50" hits="4" branch="False" />
            <line number="53" hits="4" branch="False" />
            <line number="54" hits="8" branch="False" />
            <line number="11" hits="26" branch="False" />
            <line number="12" hits="26" branch="False" />
            <line number="13" hits="26" branch="False" />
            <line number="14" hits="26" branch="False" />
          </lines>
        </class>
        <class name="SupportPortal.Api.SupportTicketService" filename="SupportTicketService.cs" line-rate="1" branch-rate="1" complexity="6">
          <methods>
            <method name="GetAllTickets" signature="()" line-rate="1" branch-rate="1" complexity="1">
              <lines>
                <line number="272" hits="18" branch="False" />
                <line number="273" hits="18" branch="False" />
                <line number="274" hits="18" branch="False" />
              </lines>
            </method>
            <method name="GetTicketById" signature="(System.Int32)" line-rate="1" branch-rate="1" complexity="1">
              <lines>
                <line number="277" hits="22" branch="False" />
                <line number="278" hits="492" branch="False" />
                <line number="279" hits="22" branch="False" />
              </lines>
            </method>
            <method name="AddTicket" signature="(SupportPortal.Api.SupportTicket)" line-rate="1" branch-rate="1" complexity="1">
              <lines>
                <line number="282" hits="22" branch="False" />
                <line number="283" hits="22" branch="False" />
                <line number="284" hits="22" branch="False" />
                <line number="285" hits="22" branch="False" />
                <line number="286" hits="22" branch="False" />
              </lines>
            </method>
            <method name="CloseTicket" signature="(System.Int32)" line-rate="1" branch-rate="1" complexity="2">
              <lines>
                <line number="289" hits="16" branch="False" />
                <line number="290" hits="410" branch="False" />
                <line number="291" hits="16" branch="True" condition-coverage="100% (2/2)">
                  <conditions>
                    <condition number="44" type="jump" coverage="100%" />
                  </conditions>
                </line>
                <line number="292" hits="8" branch="False" />
                <line number="293" hits="8" branch="False" />
                <line number="296" hits="8" branch="False" />
                <line number="297" hits="8" branch="False" />
                <line number="298" hits="16" branch="False" />
              </lines>
            </method>
            <method name=".ctor" signature="()" line-rate="1" branch-rate="1" complexity="1">
              <lines>
                <line number="5" hits="38" branch="False" />
                <line number="6" hits="38" branch="False" />
                <line number="8" hits="38" branch="False" />
                <line number="9" hits="38" branch="False" />
                <line number="11" hits="38" branch="False" />
                <line number="12" hits="38" branch="False" />
                <line number="13" hits="38" branch="False" />
                <line number="14" hits="38" branch="False" />
                <line number="15" hits="38" branch="False" />
                <line number="16" hits="38" branch="False" />
                <line number="17" hits="38" branch="False" />
                <line number="18" hits="38" branch="False" />
                <line number="19" hits="38" branch="False" />
                <line number="20" hits="38" branch="False" />
                <line number="22" hits="38" branch="False" />
                <line number="23" hits="38" branch="False" />
                <line number="24" hits="38" branch="False" />
                <line number="25" hits="38" branch="False" />
                <line number="26" hits="38" branch="False" />
                <line number="27" hits="38" branch="False" />
                <line number="28" hits="38" branch="False" />
                <line number="29" hits="38" branch="False" />
                <line number="30" hits="38" branch="False" />
                <line number="31" hits="38" branch="False" />
                <line number="33" hits="38" branch="False" />
                <line number="34" hits="38" branch="False" />
                <line number="35" hits="38" branch="False" />
                <line number="36" hits="38" branch="False" />
                <line number="37" hits="38" branch="False" />
                <line number="38" hits="38" branch="False" />
                <line number="39" hits="38" branch="False" />
                <line number="40" hits="38" branch="False" />
                <line number="41" hits="38" branch="False" />
                <line number="42" hits="38" branch="False" />
                <line number="44" hits="38" branch="False" />
                <line number="45" hits="38" branch="False" />
                <line number="46" hits="38" branch="False" />
                <line number="47" hits="38" branch="False" />
                <line number="48" hits="38" branch="False" />
                <line number="49" hits="38" branch="False" />
                <line number="50" hits="38" branch="False" />
                <line number="51" hits="38" branch="False" />
                <line number="52" hits="38" branch="False" />
                <line number="53" hits="38" branch="False" />
                <line number="54" hits="38" branch="False" />
                <line number="55" hits="38" branch="False" />
                <line number="56" hits="38" branch="False" />
                <line number="57" hits="38" branch="False" />
                <line number="58" hits="38" branch="False" />
                <line number="59" hits="38" branch="False" />
                <line number="60" hits="38" branch="False" />
                <line number="61" hits="38" branch="False" />
                <line number="62" hits="38" branch="False" />
                <line number="63" hits="38" branch="False" />
                <line number="65" hits="38" branch="False" />
                <line number="66" hits="38" branch="False" />
                <line number="67" hits="38" branch="False" />
                <line number="68" hits="38" branch="False" />
                <line number="69" hits="38" branch="False" />
                <line number="70" hits="38" branch="False" />
                <line number="71" hits="38" branch="False" />
                <line number="72" hits="38" branch="False" />
                <line number="73" hits="38" branch="False" />
                <line number="74" hits="38" branch="False" />
                <line number="76" hits="38" branch="False" />
                <line number="77" hits="38" branch="False" />
                <line number="78" hits="38" branch="False" />
                <line number="79" hits="38" branch="False" />
                <line number="80" hits="38" branch="False" />
                <line number="81" hits="38" branch="False" />
                <line number="82" hits="38" branch="False" />
                <line number="83" hits="38" branch="False" />
                <line number="84" hits="38" branch="False" />
                <line number="85" hits="38" branch="False" />
                <line number="87" hits="38" branch="False" />
                <line number="88" hits="38" branch="False" />
                <line number="89" hits="38" branch="False" />
                <line number="90" hits="38" branch="False" />
                <line number="91" hits="38" branch="False" />
                <line number="92" hits="38" branch="False" />
                <line number="93" hits="38" branch="False" />
                <line number="94" hits="38" branch="False" />
                <line number="95" hits="38" branch="False" />
                <line number="96" hits="38" branch="False" />
                <line number="97" hits="38" branch="False" />
                <line number="98" hits="38" branch="False" />
                <line number="99" hits="38" branch="False" />
                <line number="100" hits="38" branch="False" />
                <line number="101" hits="38" branch="False" />
                <line number="102" hits="38" branch="False" />
                <line number="103" hits="38" branch="False" />
                <line number="104" hits="38" branch="False" />
                <line number="105" hits="38" branch="False" />
                <line number="106" hits="38" branch="False" />
                <line number="108" hits="38" branch="False" />
                <line number="109" hits="38" branch="False" />
                <line number="110" hits="38" branch="False" />
                <line number="111" hits="38" branch="False" />
                <line number="112" hits="38" branch="False" />
                <line number="113" hits="38" branch="False" />
                <line number="114" hits="38" branch="False" />
                <line number="115" hits="38" branch="False" />
                <line number="116" hits="38" branch="False" />
                <line number="117" hits="38" branch="False" />
                <line number="119" hits="38" branch="False" />
                <line number="120" hits="38" branch="False" />
                <line number="121" hits="38" branch="False" />
                <line number="122" hits="38" branch="False" />
                <line number="123" hits="38" branch="False" />
                <line number="124" hits="38" branch="False" />
                <line number="125" hits="38" branch="False" />
                <line number="126" hits="38" branch="False" />
                <line number="127" hits="38" branch="False" />
                <line number="128" hits="38" branch="False" />
                <line number="130" hits="38" branch="False" />
                <line number="131" hits="38" branch="False" />
                <line number="132" hits="38" branch="False" />
                <line number="133" hits="38" branch="False" />
                <line number="134" hits="38" branch="False" />
                <line number="135" hits="38" branch="False" />
                <line number="136" hits="38" branch="False" />
                <line number="137" hits="38" branch="False" />
                <line number="138" hits="38" branch="False" />
                <line number="139" hits="38" branch="False" />
                <line number="140" hits="38" branch="False" />
                <line number="141" hits="38" branch="False" />
                <line number="142" hits="38" branch="False" />
                <line number="143" hits="38" branch="False" />
                <line number="144" hits="38" branch="False" />
                <line number="145" hits="38" branch="False" />
                <line number="146" hits="38" branch="False" />
                <line number="147" hits="38" branch="False" />
                <line number="148" hits="38" branch="False" />
                <line number="149" hits="38" branch="False" />
                <line number="151" hits="38" branch="False" />
                <line number="152" hits="38" branch="False" />
                <line number="153" hits="38" branch="False" />
                <line number="154" hits="38" branch="False" />
                <line number="155" hits="38" branch="False" />
                <line number="156" hits="38" branch="False" />
                <line number="157" hits="38" branch="False" />
                <line number="158" hits="38" branch="False" />
                <line number="159" hits="38" branch="False" />
                <line number="160" hits="38" branch="False" />
                <line number="162" hits="38" branch="False" />
                <line number="163" hits="38" branch="False" />
                <line number="164" hits="38" branch="False" />
                <line number="165" hits="38" branch="False" />
                <line number="166" hits="38" branch="False" />
                <line number="167" hits="38" branch="False" />
                <line number="168" hits="38" branch="False" />
                <line number="169" hits="38" branch="False" />
                <line number="170" hits="38" branch="False" />
                <line number="171" hits="38" branch="False" />
                <line number="173" hits="38" branch="False" />
                <line number="174" hits="38" branch="False" />
                <line number="175" hits="38" branch="False" />
                <line number="176" hits="38" branch="False" />
                <line number="177" hits="38" branch="False" />
                <line number="178" hits="38" branch="False" />
                <line number="179" hits="38" branch="False" />
                <line number="180" hits="38" branch="False" />
                <line number="181" hits="38" branch="False" />
                <line number="182" hits="38" branch="False" />
                <line number="183" hits="38" branch="False" />
                <line number="184" hits="38" branch="False" />
                <line number="185" hits="38" branch="False" />
                <line number="186" hits="38" branch="False" />
                <line number="187" hits="38" branch="False" />
                <line number="188" hits="38" branch="False" />
                <line number="189" hits="38" branch="False" />
                <line number="190" hits="38" branch="False" />
                <line number="191" hits="38" branch="False" />
                <line number="192" hits="38" branch="False" />
                <line number="194" hits="38" branch="False" />
                <line number="195" hits="38" branch="False" />
                <line number="196" hits="38" branch="False" />
                <line number="197" hits="38" branch="False" />
                <line number="198" hits="38" branch="False" />
                <line number="199" hits="38" branch="False" />
                <line number="200" hits="38" branch="False" />
                <line number="201" hits="38" branch="False" />
                <line number="202" hits="38" branch="False" />
                <line number="203" hits="38" branch="False" />
                <line number="205" hits="38" branch="False" />
                <line number="206" hits="38" branch="False" />
                <line number="207" hits="38" branch="False" />
                <line number="208" hits="38" branch="False" />
                <line number="209" hits="38" branch="False" />
                <line number="210" hits="38" branch="False" />
                <line number="211" hits="38" branch="False" />
                <line number="212" hits="38" branch="False" />
                <line number="213" hits="38" branch="False" />
                <line number="214" hits="38" branch="False" />
                <line number="216" hits="38" branch="False" />
                <line number="217" hits="38" branch="False" />
                <line number="218" hits="38" branch="False" />
                <line number="219" hits="38" branch="False" />
                <line number="220" hits="38" branch="False" />
                <line number="221" hits="38" branch="False" />
                <line number="222" hits="38" branch="False" />
                <line number="223" hits="38" branch="False" />
                <line number="224" hits="38" branch="False" />
                <line number="225" hits="38" branch="False" />
                <line number="226" hits="38" branch="False" />
                <line number="227" hits="38" branch="False" />
                <line number="228" hits="38" branch="False" />
                <line number="229" hits="38" branch="False" />
                <line number="230" hits="38" branch="False" />
                <line number="231" hits="38" branch="False" />
                <line number="232" hits="38" branch="False" />
                <line number="233" hits="38" branch="False" />
                <line number="234" hits="38" branch="False" />
                <line number="235" hits="38" branch="False" />
                <line number="237" hits="38" branch="False" />
                <line number="238" hits="38" branch="False" />
                <line number="239" hits="38" branch="False" />
                <line number="240" hits="38" branch="False" />
                <line number="241" hits="38" branch="False" />
                <line number="242" hits="38" branch="False" />
                <line number="243" hits="38" branch="False" />
                <line number="244" hits="38" branch="False" />
                <line number="245" hits="38" branch="False" />
                <line number="246" hits="38" branch="False" />
                <line number="248" hits="38" branch="False" />
                <line number="249" hits="38" branch="False" />
                <line number="250" hits="38" branch="False" />
                <line number="251" hits="38" branch="False" />
                <line number="252" hits="38" branch="False" />
                <line number="253" hits="38" branch="False" />
                <line number="254" hits="38" branch="False" />
                <line number="255" hits="38" branch="False" />
                <line number="256" hits="38" branch="False" />
                <line number="257" hits="38" branch="False" />
                <line number="259" hits="38" branch="False" />
                <line number="260" hits="38" branch="False" />
                <line number="261" hits="38" branch="False" />
                <line number="262" hits="38" branch="False" />
                <line number="263" hits="38" branch="False" />
                <line number="264" hits="38" branch="False" />
                <line number="265" hits="38" branch="False" />
                <line number="266" hits="38" branch="False" />
                <line number="267" hits="38" branch="False" />
                <line number="268" hits="38" branch="False" />
                <line number="269" hits="38" branch="False" />
              </lines>
            </method>
          </methods>
          <lines>
            <line number="272" hits="18" branch="False" />
            <line number="273" hits="18" branch="False" />
            <line number="274" hits="18" branch="False" />
            <line number="277" hits="22" branch="False" />
            <line number="278" hits="492" branch="False" />
            <line number="279" hits="22" branch="False" />
            <line number="282" hits="22" branch="False" />
            <line number="283" hits="22" branch="False" />
            <line number="284" hits="22" branch="False" />
            <line number="285" hits="22" branch="False" />
            <line number="286" hits="22" branch="False" />
            <line number="289" hits="16" branch="False" />
            <line number="290" hits="410" branch="False" />
            <line number="291" hits="16" branch="True" condition-coverage="100% (2/2)">
              <conditions>
                <condition number="44" type="jump" coverage="100%" />
              </conditions>
            </line>
            <line number="292" hits="8" branch="False" />
            <line number="293" hits="8" branch="False" />
            <line number="296" hits="8" branch="False" />
            <line number="297" hits="8" branch="False" />
            <line number="298" hits="16" branch="False" />
            <line number="5" hits="38" branch="False" />
            <line number="6" hits="38" branch="False" />
            <line number="8" hits="38" branch="False" />
            <line number="9" hits="38" branch="False" />
            <line number="11" hits="38" branch="False" />
            <line number="12" hits="38" branch="False" />
            <line number="13" hits="38" branch="False" />
            <line number="14" hits="38" branch="False" />
            <line number="15" hits="38" branch="False" />
            <line number="16" hits="38" branch="False" />
            <line number="17" hits="38" branch="False" />
            <line number="18" hits="38" branch="False" />
            <line number="19" hits="38" branch="False" />
            <line number="20" hits="38" branch="False" />
            <line number="22" hits="38" branch="False" />
            <line number="23" hits="38" branch="False" />
            <line number="24" hits="38" branch="False" />
            <line number="25" hits="38" branch="False" />
            <line number="26" hits="38" branch="False" />
            <line number="27" hits="38" branch="False" />
            <line number="28" hits="38" branch="False" />
            <line number="29" hits="38" branch="False" />
            <line number="30" hits="38" branch="False" />
            <line number="31" hits="38" branch="False" />
            <line number="33" hits="38" branch="False" />
            <line number="34" hits="38" branch="False" />
            <line number="35" hits="38" branch="False" />
            <line number="36" hits="38" branch="False" />
            <line number="37" hits="38" branch="False" />
            <line number="38" hits="38" branch="False" />
            <line number="39" hits="38" branch="False" />
            <line number="40" hits="38" branch="False" />
            <line number="41" hits="38" branch="False" />
            <line number="42" hits="38" branch="False" />
            <line number="44" hits="38" branch="False" />
            <line number="45" hits="38" branch="False" />
            <line number="46" hits="38" branch="False" />
            <line number="47" hits="38" branch="False" />
            <line number="48" hits="38" branch="False" />
            <line number="49" hits="38" branch="False" />
            <line number="50" hits="38" branch="False" />
            <line number="51" hits="38" branch="False" />
            <line number="52" hits="38" branch="False" />
            <line number="53" hits="38" branch="False" />
            <line number="54" hits="38" branch="False" />
            <line number="55" hits="38" branch="False" />
            <line number="56" hits="38" branch="False" />
            <line number="57" hits="38" branch="False" />
            <line number="58" hits="38" branch="False" />
            <line number="59" hits="38" branch="False" />
            <line number="60" hits="38" branch="False" />
            <line number="61" hits="38" branch="False" />
            <line number="62" hits="38" branch="False" />
            <line number="63" hits="38" branch="False" />
            <line number="65" hits="38" branch="False" />
            <line number="66" hits="38" branch="False" />
            <line number="67" hits="38" branch="False" />
            <line number="68" hits="38" branch="False" />
            <line number="69" hits="38" branch="False" />
            <line number="70" hits="38" branch="False" />
            <line number="71" hits="38" branch="False" />
            <line number="72" hits="38" branch="False" />
            <line number="73" hits="38" branch="False" />
            <line number="74" hits="38" branch="False" />
            <line number="76" hits="38" branch="False" />
            <line number="77" hits="38" branch="False" />
            <line number="78" hits="38" branch="False" />
            <line number="79" hits="38" branch="False" />
            <line number="80" hits="38" branch="False" />
            <line number="81" hits="38" branch="False" />
            <line number="82" hits="38" branch="False" />
            <line number="83" hits="38" branch="False" />
            <line number="84" hits="38" branch="False" />
            <line number="85" hits="38" branch="False" />
            <line number="87" hits="38" branch="False" />
            <line number="88" hits="38" branch="False" />
            <line number="89" hits="38" branch="False" />
            <line number="90" hits="38" branch="False" />
            <line number="91" hits="38" branch="False" />
            <line number="92" hits="38" branch="False" />
            <line number="93" hits="38" branch="False" />
            <line number="94" hits="38" branch="False" />
            <line number="95" hits="38" branch="False" />
            <line number="96" hits="38" branch="False" />
            <line number="97" hits="38" branch="False" />
            <line number="98" hits="38" branch="False" />
            <line number="99" hits="38" branch="False" />
            <line number="100" hits="38" branch="False" />
            <line number="101" hits="38" branch="False" />
            <line number="102" hits="38" branch="False" />
            <line number="103" hits="38" branch="False" />
            <line number="104" hits="38" branch="False" />
            <line number="105" hits="38" branch="False" />
            <line number="106" hits="38" branch="False" />
            <line number="108" hits="38" branch="False" />
            <line number="109" hits="38" branch="False" />
            <line number="110" hits="38" branch="False" />
            <line number="111" hits="38" branch="False" />
            <line number="112" hits="38" branch="False" />
            <line number="113" hits="38" branch="False" />
            <line number="114" hits="38" branch="False" />
            <line number="115" hits="38" branch="False" />
            <line number="116" hits="38" branch="False" />
            <line number="117" hits="38" branch="False" />
            <line number="119" hits="38" branch="False" />
            <line number="120" hits="38" branch="False" />
            <line number="121" hits="38" branch="False" />
            <line number="122" hits="38" branch="False" />
            <line number="123" hits="38" branch="False" />
            <line number="124" hits="38" branch="False" />
            <line number="125" hits="38" branch="False" />
            <line number="126" hits="38" branch="False" />
            <line number="127" hits="38" branch="False" />
            <line number="128" hits="38" branch="False" />
            <line number="130" hits="38" branch="False" />
            <line number="131" hits="38" branch="False" />
            <line number="132" hits="38" branch="False" />
            <line number="133" hits="38" branch="False" />
            <line number="134" hits="38" branch="False" />
            <line number="135" hits="38" branch="False" />
            <line number="136" hits="38" branch="False" />
            <line number="137" hits="38" branch="False" />
            <line number="138" hits="38" branch="False" />
            <line number="139" hits="38" branch="False" />
            <line number="140" hits="38" branch="False" />
            <line number="141" hits="38" branch="False" />
            <line number="142" hits="38" branch="False" />
            <line number="143" hits="38" branch="False" />
            <line number="144" hits="38" branch="False" />
            <line number="145" hits="38" branch="False" />
            <line number="146" hits="38" branch="False" />
            <line number="147" hits="38" branch="False" />
            <line number="148" hits="38" branch="False" />
            <line number="149" hits="38" branch="False" />
            <line number="151" hits="38" branch="False" />
            <line number="152" hits="38" branch="False" />
            <line number="153" hits="38" branch="False" />
            <line number="154" hits="38" branch="False" />
            <line number="155" hits="38" branch="False" />
            <line number="156" hits="38" branch="False" />
            <line number="157" hits="38" branch="False" />
            <line number="158" hits="38" branch="False" />
            <line number="159" hits="38" branch="False" />
            <line number="160" hits="38" branch="False" />
            <line number="162" hits="38" branch="False" />
            <line number="163" hits="38" branch="False" />
            <line number="164" hits="38" branch="False" />
            <line number="165" hits="38" branch="False" />
            <line number="166" hits="38" branch="False" />
            <line number="167" hits="38" branch="False" />
            <line number="168" hits="38" branch="False" />
            <line number="169" hits="38" branch="False" />
            <line number="170" hits="38" branch="False" />
            <line number="171" hits="38" branch="False" />
            <line number="173" hits="38" branch="False" />
            <line number="174" hits="38" branch="False" />
            <line number="175" hits="38" branch="False" />
            <line number="176" hits="38" branch="False" />
            <line number="177" hits="38" branch="False" />
            <line number="178" hits="38" branch="False" />
            <line number="179" hits="38" branch="False" />
            <line number="180" hits="38" branch="False" />
            <line number="181" hits="38" branch="False" />
            <line number="182" hits="38" branch="False" />
            <line number="183" hits="38" branch="False" />
            <line number="184" hits="38" branch="False" />
            <line number="185" hits="38" branch="False" />
            <line number="186" hits="38" branch="False" />
            <line number="187" hits="38" branch="False" />
            <line number="188" hits="38" branch="False" />
            <line number="189" hits="38" branch="False" />
            <line number="190" hits="38" branch="False" />
            <line number="191" hits="38" branch="False" />
            <line number="192" hits="38" branch="False" />
            <line number="194" hits="38" branch="False" />
            <line number="195" hits="38" branch="False" />
            <line number="196" hits="38" branch="False" />
            <line number="197" hits="38" branch="False" />
            <line number="198" hits="38" branch="False" />
            <line number="199" hits="38" branch="False" />
            <line number="200" hits="38" branch="False" />
            <line number="201" hits="38" branch="False" />
            <line number="202" hits="38" branch="False" />
            <line number="203" hits="38" branch="False" />
            <line number="205" hits="38" branch="False" />
            <line number="206" hits="38" branch="False" />
            <line number="207" hits="38" branch="False" />
            <line number="208" hits="38" branch="False" />
            <line number="209" hits="38" branch="False" />
            <line number="210" hits="38" branch="False" />
            <line number="211" hits="38" branch="False" />
            <line number="212" hits="38" branch="False" />
            <line number="213" hits="38" branch="False" />
            <line number="214" hits="38" branch="False" />
            <line number="216" hits="38" branch="False" />
            <line number="217" hits="38" branch="False" />
            <line number="218" hits="38" branch="False" />
            <line number="219" hits="38" branch="False" />
            <line number="220" hits="38" branch="False" />
            <line number="221" hits="38" branch="False" />
            <line number="222" hits="38" branch="False" />
            <line number="223" hits="38" branch="False" />
            <line number="224" hits="38" branch="False" />
            <line number="225" hits="38" branch="False" />
            <line number="226" hits="38" branch="False" />
            <line number="227" hits="38" branch="False" />
            <line number="228" hits="38" branch="False" />
            <line number="229" hits="38" branch="False" />
            <line number="230" hits="38" branch="False" />
            <line number="231" hits="38" branch="False" />
            <line number="232" hits="38" branch="False" />
            <line number="233" hits="38" branch="False" />
            <line number="234" hits="38" branch="False" />
            <line number="235" hits="38" branch="False" />
            <line number="237" hits="38" branch="False" />
            <line number="238" hits="38" branch="False" />
            <line number="239" hits="38" branch="False" />
            <line number="240" hits="38" branch="False" />
            <line number="241" hits="38" branch="False" />
            <line number="242" hits="38" branch="False" />
            <line number="243" hits="38" branch="False" />
            <line number="244" hits="38" branch="False" />
            <line number="245" hits="38" branch="False" />
            <line number="246" hits="38" branch="False" />
            <line number="248" hits="38" branch="False" />
            <line number="249" hits="38" branch="False" />
            <line number="250" hits="38" branch="False" />
            <line number="251" hits="38" branch="False" />
            <line number="252" hits="38" branch="False" />
            <line number="253" hits="38" branch="False" />
            <line number="254" hits="38" branch="False" />
            <line number="255" hits="38" branch="False" />
            <line number="256" hits="38" branch="False" />
            <line number="257" hits="38" branch="False" />
            <line number="259" hits="38" branch="False" />
            <line number="260" hits="38" branch="False" />
            <line number="261" hits="38" branch="False" />
            <line number="262" hits="38" branch="False" />
            <line number="263" hits="38" branch="False" />
            <line number="264" hits="38" branch="False" />
            <line number="265" hits="38" branch="False" />
            <line number="266" hits="38" branch="False" />
            <line number="267" hits="38" branch="False" />
            <line number="268" hits="38" branch="False" />
            <line number="269" hits="38" branch="False" />
          </lines>
        </class>
      </classes>
    </package>
  </packages>
</coverage>