SF:C:\Users\OSIDDHA\Desktop\Trimble-Exercise\SupportPortal.Api\Program.cs
FN:2,System.Void Program::<Main>$(System.String[])
FNDA:1,System.Void Program::<Main>$(System.String[])
DA:3,1
DA:6,1
DA:8,1
DA:9,1
DA:10,1
DA:11,1
DA:12,1
DA:13,1
DA:14,1
DA:15,1
DA:16,2
DA:17,2
DA:20,1
DA:21,1
DA:22,1
DA:23,1
DA:25,1
DA:28,1
DA:29,1
DA:32,1
DA:34,1
DA:35,1
DA:37,1
LF:23
LH:23
BRF:0
BRH:0
FNF:1
FNH:1
end_of_record
SF:C:\Users\OSIDDHA\Desktop\Trimble-Exercise\SupportPortal.Api\SupportTicket.cs
FN:4,System.Int32 SupportPortal.Api.SupportTicket::get_Id()
FNDA:2121,System.Int32 SupportPortal.Api.SupportTicket::get_Id()
DA:5,2121
FN:5,System.String SupportPortal.Api.SupportTicket::get_Name()
FNDA:2316,System.String SupportPortal.Api.SupportTicket::get_Name()
DA:6,2316
FN:6,System.String SupportPortal.Api.SupportTicket::get_Email()
FNDA:2216,System.String SupportPortal.Api.SupportTicket::get_Email()
DA:7,2216
FN:7,System.String SupportPortal.Api.SupportTicket::get_Subject()
FNDA:2219,System.String SupportPortal.Api.SupportTicket::get_Subject()
DA:8,2219
FN:8,System.String SupportPortal.Api.SupportTicket::get_Description()
FNDA:2216,System.String SupportPortal.Api.SupportTicket::get_Description()
DA:9,2216
FN:9,System.String SupportPortal.Api.SupportTicket::get_Status()
FNDA:2212,System.String SupportPortal.Api.SupportTicket::get_Status()
DA:10,2212
FN:10,System.DateTime SupportPortal.Api.SupportTicket::get_CreatedDate()
FNDA:2213,System.DateTime SupportPortal.Api.SupportTicket::get_CreatedDate()
DA:11,2213
LF:7
LH:7
BRF:0
BRH:0
FNF:7
FNH:7
end_of_record
SF:C:\Users\OSIDDHA\Desktop\Trimble-Exercise\SupportPortal.Api\SupportTicketsController.cs
FN:17,Microsoft.AspNetCore.Mvc.ActionResult`1<System.Collections.Generic.List`1<SupportPortal.Api.SupportTicket>> SupportPortal.Api.SupportTicketsController::GetAllTickets()
FNDA:6,Microsoft.AspNetCore.Mvc.ActionResult`1<System.Collections.Generic.List`1<SupportPortal.Api.SupportTicket>> SupportPortal.Api.SupportTicketsController::GetAllTickets()
DA:18,6
DA:19,6
DA:20,6
DA:21,6
FN:24,Microsoft.AspNetCore.Mvc.ActionResult`1<SupportPortal.Api.SupportTicket> SupportPortal.Api.SupportTicketsController::GetTicketById(System.Int32)
FNDA:8,Microsoft.AspNetCore.Mvc.ActionResult`1<SupportPortal.Api.SupportTicket> SupportPortal.Api.SupportTicketsController::GetTicketById(System.Int32)
DA:25,8
DA:26,8
DA:28,8
DA:29,4
DA:30,4
DA:33,4
DA:34,8
BRDA:28,20,0,4
BRDA:28,20,1,4
FN:37,Microsoft.AspNetCore.Mvc.ActionResult`1<SupportPortal.Api.SupportTicket> SupportPortal.Api.SupportTicketsController::CreateTicket(SupportPortal.Api.SupportTicket)
FNDA:7,Microsoft.AspNetCore.Mvc.ActionResult`1<SupportPortal.Api.SupportTicket> SupportPortal.Api.SupportTicketsController::CreateTicket(SupportPortal.Api.SupportTicket)
DA:38,7
DA:39,7
DA:40,7
DA:41,7
FN:44,Microsoft.AspNetCore.Mvc.ActionResult SupportPortal.Api.SupportTicketsController::CloseTicket(System.Int32)
FNDA:8,Microsoft.AspNetCore.Mvc.ActionResult SupportPortal.Api.SupportTicketsController::CloseTicket(System.Int32)
DA:45,8
DA:46,8
DA:48,8
DA:49,4
DA:50,4
DA:53,4
DA:54,8
BRDA:48,20,0,4
BRDA:48,20,1,4
FN:10,System.Void SupportPortal.Api.SupportTicketsController::.ctor(SupportPortal.Api.SupportTicketService)
FNDA:26,System.Void SupportPortal.Api.SupportTicketsController::.ctor(SupportPortal.Api.SupportTicketService)
DA:11,26
DA:12,26
DA:13,26
DA:14,26
LF:26
LH:26
BRF:4
BRH:4
FNF:5
FNH:5
end_of_record
SF:C:\Users\OSIDDHA\Desktop\Trimble-Exercise\SupportPortal.Api\SupportTicketService.cs
FN:271,System.Collections.Generic.List`1<SupportPortal.Api.SupportTicket> SupportPortal.Api.SupportTicketService::GetAllTickets()
FNDA:18,System.Collections.Generic.List`1<SupportPortal.Api.SupportTicket> SupportPortal.Api.SupportTicketService::GetAllTickets()
DA:272,18
DA:273,18
DA:274,18
FN:276,SupportPortal.Api.SupportTicket SupportPortal.Api.SupportTicketService::GetTicketById(System.Int32)
FNDA:22,SupportPortal.Api.SupportTicket SupportPortal.Api.SupportTicketService::GetTicketById(System.Int32)
DA:277,22
DA:278,492
DA:279,22
FN:281,System.Void SupportPortal.Api.SupportTicketService::AddTicket(SupportPortal.Api.SupportTicket)
FNDA:22,System.Void SupportPortal.Api.SupportTicketService::AddTicket(SupportPortal.Api.SupportTicket)
DA:282,22
DA:283,22
DA:284,22
DA:285,22
DA:286,22
FN:288,System.Boolean SupportPortal.Api.SupportTicketService::CloseTicket(System.Int32)
FNDA:16,System.Boolean SupportPortal.Api.SupportTicketService::CloseTicket(System.Int32)
DA:289,16
DA:290,410
DA:291,16
DA:292,8
DA:293,8
DA:296,8
DA:297,8
DA:298,16
BRDA:291,44,0,8
BRDA:291,44,1,8
FN:4,System.Void SupportPortal.Api.SupportTicketService::.ctor()
FNDA:38,System.Void SupportPortal.Api.SupportTicketService::.ctor()
DA:5,38
DA:6,38
DA:8,38
DA:9,38
DA:11,38
DA:12,38
DA:13,38
DA:14,38
DA:15,38
DA:16,38
DA:17,38
DA:18,38
DA:19,38
DA:20,38
DA:22,38
DA:23,38
DA:24,38
DA:25,38
DA:26,38
DA:27,38
DA:28,38
DA:29,38
DA:30,38
DA:31,38
DA:33,38
DA:34,38
DA:35,38
DA:36,38
DA:37,38
DA:38,38
DA:39,38
DA:40,38
DA:41,38
DA:42,38
DA:44,38
DA:45,38
DA:46,38
DA:47,38
DA:48,38
DA:49,38
DA:50,38
DA:51,38
DA:52,38
DA:53,38
DA:54,38
DA:55,38
DA:56,38
DA:57,38
DA:58,38
DA:59,38
DA:60,38
DA:61,38
DA:62,38
DA:63,38
DA:65,38
DA:66,38
DA:67,38
DA:68,38
DA:69,38
DA:70,38
DA:71,38
DA:72,38
DA:73,38
DA:74,38
DA:76,38
DA:77,38
DA:78,38
DA:79,38
DA:80,38
DA:81,38
DA:82,38
DA:83,38
DA:84,38
DA:85,38
DA:87,38
DA:88,38
DA:89,38
DA:90,38
DA:91,38
DA:92,38
DA:93,38
DA:94,38
DA:95,38
DA:96,38
DA:97,38
DA:98,38
DA:99,38
DA:100,38
DA:101,38
DA:102,38
DA:103,38
DA:104,38
DA:105,38
DA:106,38
DA:108,38
DA:109,38
DA:110,38
DA:111,38
DA:112,38
DA:113,38
DA:114,38
DA:115,38
DA:116,38
DA:117,38
DA:119,38
DA:120,38
DA:121,38
DA:122,38
DA:123,38
DA:124,38
DA:125,38
DA:126,38
DA:127,38
DA:128,38
DA:130,38
DA:131,38
DA:132,38
DA:133,38
DA:134,38
DA:135,38
DA:136,38
DA:137,38
DA:138,38
DA:139,38
DA:140,38
DA:141,38
DA:142,38
DA:143,38
DA:144,38
DA:145,38
DA:146,38
DA:147,38
DA:148,38
DA:149,38
DA:151,38
DA:152,38
DA:153,38
DA:154,38
DA:155,38
DA:156,38
DA:157,38
DA:158,38
DA:159,38
DA:160,38
DA:162,38
DA:163,38
DA:164,38
DA:165,38
DA:166,38
DA:167,38
DA:168,38
DA:169,38
DA:170,38
DA:171,38
DA:173,38
DA:174,38
DA:175,38
DA:176,38
DA:177,38
DA:178,38
DA:179,38
DA:180,38
DA:181,38
DA:182,38
DA:183,38
DA:184,38
DA:185,38
DA:186,38
DA:187,38
DA:188,38
DA:189,38
DA:190,38
DA:191,38
DA:192,38
DA:194,38
DA:195,38
DA:196,38
DA:197,38
DA:198,38
DA:199,38
DA:200,38
DA:201,38
DA:202,38
DA:203,38
DA:205,38
DA:206,38
DA:207,38
DA:208,38
DA:209,38
DA:210,38
DA:211,38
DA:212,38
DA:213,38
DA:214,38
DA:216,38
DA:217,38
DA:218,38
DA:219,38
DA:220,38
DA:221,38
DA:222,38
DA:223,38
DA:224,38
DA:225,38
DA:226,38
DA:227,38
DA:228,38
DA:229,38
DA:230,38
DA:231,38
DA:232,38
DA:233,38
DA:234,38
DA:235,38
DA:237,38
DA:238,38
DA:239,38
DA:240,38
DA:241,38
DA:242,38
DA:243,38
DA:244,38
DA:245,38
DA:246,38
DA:248,38
DA:249,38
DA:250,38
DA:251,38
DA:252,38
DA:253,38
DA:254,38
DA:255,38
DA:256,38
DA:257,38
DA:259,38
DA:260,38
DA:261,38
DA:262,38
DA:263,38
DA:264,38
DA:265,38
DA:266,38
DA:267,38
DA:268,38
DA:269,38
LF:264
LH:264
BRF:2
BRH:2
FNF:5
FNH:5
end_of_record