<?xml version="1.0" encoding="utf-8"?>
<coverage line-rate="0.9281" branch-rate="1" version="1.9" timestamp="1752748872" lines-covered="297" lines-valid="320" branches-covered="6" branches-valid="6">
  <sources>
    <source>C:\Users\OSIDDHA\Desktop\Trimble-Exercise\SupportPortal.Api\</source>
  </sources>
  <packages>
    <package name="SupportPortal.Api" line-rate="0.9281" branch-rate="1" complexity="21">
      <classes>
        <class name="Program" filename="Program.cs" line-rate="0" branch-rate="1" complexity="1">
          <methods>
            <method name="&lt;Main&gt;$" signature="(System.String[])" line-rate="0" branch-rate="1" complexity="1">
              <lines>
                <line number="3" hits="0" branch="False" />
                <line number="6" hits="0" branch="False" />
                <line number="8" hits="0" branch="False" />
                <line number="9" hits="0" branch="False" />
                <line number="10" hits="0" branch="False" />
                <line number="11" hits="0" branch="False" />
                <line number="12" hits="0" branch="False" />
                <line number="13" hits="0" branch="False" />
                <line number="14" hits="0" branch="False" />
                <line number="15" hits="0" branch="False" />
                <line number="16" hits="0" branch="False" />
                <line number="17" hits="0" branch="False" />
                <line number="20" hits="0" branch="False" />
                <line number="21" hits="0" branch="False" />
                <line number="22" hits="0" branch="False" />
                <line number="23" hits="0" branch="False" />
                <line number="25" hits="0" branch="False" />
                <line number="28" hits="0" branch="False" />
                <line number="29" hits="0" branch="False" />
                <line number="32" hits="0" branch="False" />
                <line number="34" hits="0" branch="False" />
                <line number="35" hits="0" branch="False" />
                <line number="37" hits="0" branch="False" />
              </lines>
            </method>
          </methods>
          <lines>
            <line number="3" hits="0" branch="False" />
            <line number="6" hits="0" branch="False" />
            <line number="8" hits="0" branch="False" />
            <line number="9" hits="0" branch="False" />
            <line number="10" hits="0" branch="False" />
            <line number="11" hits="0" branch="False" />
            <line number="12" hits="0" branch="False" />
            <line number="13" hits="0" branch="False" />
            <line number="14" hits="0" branch="False" />
            <line number="15" hits="0" branch="False" />
            <line number="16" hits="0" branch="False" />
            <line number="17" hits="0" branch="False" />
            <line number="20" hits="0" branch="False" />
            <line number="21" hits="0" branch="False" />
            <line number="22" hits="0" branch="False" />
            <line number="23" hits="0" branch="False" />
            <line number="25" hits="0" branch="False" />
            <line number="28" hits="0" branch="False" />
            <line number="29" hits="0" branch="False" />
            <line number="32" hits="0" branch="False" />
            <line number="34" hits="0" branch="False" />
            <line number="35" hits="0" branch="False" />
            <line number="37" hits="0" branch="False" />
          </lines>
        </class>
        <class name="SupportPortal.Api.SupportTicket" filename="SupportTicket.cs" line-rate="1" branch-rate="1" complexity="7">
          <methods>
            <method name="get_Id" signature="()" line-rate="1" branch-rate="1" complexity="1">
              <lines>
                <line number="5" hits="1772" branch="False" />
              </lines>
            </method>
            <method name="get_Name" signature="()" line-rate="1" branch-rate="1" complexity="1">
              <lines>
                <line number="6" hits="1963" branch="False" />
              </lines>
            </method>
            <method name="get_Email" signature="()" line-rate="1" branch-rate="1" complexity="1">
              <lines>
                <line number="7" hits="1863" branch="False" />
              </lines>
            </method>
            <method name="get_Subject" signature="()" line-rate="1" branch-rate="1" complexity="1">
              <lines>
                <line number="8" hits="1866" branch="False" />
              </lines>
            </method>
            <method name="get_Description" signature="()" line-rate="1" branch-rate="1" complexity="1">
              <lines>
                <line number="9" hits="1863" branch="False" />
              </lines>
            </method>
            <method name="get_Status" signature="()" line-rate="1" branch-rate="1" complexity="1">
              <lines>
                <line number="10" hits="1862" branch="False" />
              </lines>
            </method>
            <method name="get_CreatedDate" signature="()" line-rate="1" branch-rate="1" complexity="1">
              <lines>
                <line number="11" hits="1864" branch="False" />
              </lines>
            </method>
          </methods>
          <lines>
            <line number="5" hits="1772" branch="False" />
            <line number="6" hits="1963" branch="False" />
            <line number="7" hits="1863" branch="False" />
            <line number="8" hits="1866" branch="False" />
            <line number="9" hits="1863" branch="False" />
            <line number="10" hits="1862" branch="False" />
            <line number="11" hits="1864" branch="False" />
          </lines>
        </class>
        <class name="SupportPortal.Api.SupportTicketsController" filename="SupportTicketsController.cs" line-rate="1" branch-rate="1" complexity="7">
          <methods>
            <method name="GetAllTickets" signature="()" line-rate="1" branch-rate="1" complexity="1">
              <lines>
                <line number="18" hits="1" branch="False" />
                <line number="19" hits="1" branch="False" />
                <line number="20" hits="1" branch="False" />
                <line number="21" hits="1" branch="False" />
              </lines>
            </method>
            <method name="GetTicketById" signature="(System.Int32)" line-rate="1" branch-rate="1" complexity="2">
              <lines>
                <line number="25" hits="5" branch="False" />
                <line number="26" hits="5" branch="False" />
                <line number="28" hits="5" branch="True" condition-coverage="100% (2/2)">
                  <conditions>
                    <condition number="20" type="jump" coverage="100%" />
                  </conditions>
                </line>
                <line number="29" hits="3" branch="False" />
                <line number="30" hits="3" branch="False" />
                <line number="33" hits="2" branch="False" />
                <line number="34" hits="5" branch="False" />
              </lines>
            </method>
            <method name="CreateTicket" signature="(SupportPortal.Api.SupportTicket)" line-rate="1" branch-rate="1" complexity="1">
              <lines>
                <line number="38" hits="5" branch="False" />
                <line number="39" hits="5" branch="False" />
                <line number="40" hits="5" branch="False" />
                <line number="41" hits="5" branch="False" />
              </lines>
            </method>
            <method name="CloseTicket" signature="(System.Int32)" line-rate="1" branch-rate="1" complexity="2">
              <lines>
                <line number="45" hits="6" branch="False" />
                <line number="46" hits="6" branch="False" />
                <line number="48" hits="6" branch="True" condition-coverage="100% (2/2)">
                  <conditions>
                    <condition number="20" type="jump" coverage="100%" />
                  </conditions>
                </line>
                <line number="49" hits="3" branch="False" />
                <line number="50" hits="3" branch="False" />
                <line number="53" hits="3" branch="False" />
                <line number="54" hits="6" branch="False" />
              </lines>
            </method>
            <method name=".ctor" signature="(SupportPortal.Api.SupportTicketService)" line-rate="1" branch-rate="1" complexity="1">
              <lines>
                <line number="11" hits="14" branch="False" />
                <line number="12" hits="14" branch="False" />
                <line number="13" hits="14" branch="False" />
                <line number="14" hits="14" branch="False" />
              </lines>
            </method>
          </methods>
          <lines>
            <line number="18" hits="1" branch="False" />
            <line number="19" hits="1" branch="False" />
            <line number="20" hits="1" branch="False" />
            <line number="21" hits="1" branch="False" />
            <line number="25" hits="5" branch="False" />
            <line number="26" hits="5" branch="False" />
            <line number="28" hits="5" branch="True" condition-coverage="100% (2/2)">
              <conditions>
                <condition number="20" type="jump" coverage="100%" />
              </conditions>
            </line>
            <line number="29" hits="3" branch="False" />
            <line number="30" hits="3" branch="False" />
            <line number="33" hits="2" branch="False" />
            <line number="34" hits="5" branch="False" />
            <line number="38" hits="5" branch="False" />
            <line number="39" hits="5" branch="False" />
            <line number="40" hits="5" branch="False" />
            <line number="41" hits="5" branch="False" />
            <line number="45" hits="6" branch="False" />
            <line number="46" hits="6" branch="False" />
            <line number="48" hits="6" branch="True" condition-coverage="100% (2/2)">
              <conditions>
                <condition number="20" type="jump" coverage="100%" />
              </conditions>
            </line>
            <line number="49" hits="3" branch="False" />
            <line number="50" hits="3" branch="False" />
            <line number="53" hits="3" branch="False" />
            <line number="54" hits="6" branch="False" />
            <line number="11" hits="14" branch="False" />
            <line number="12" hits="14" branch="False" />
            <line number="13" hits="14" branch="False" />
            <line number="14" hits="14" branch="False" />
          </lines>
        </class>
        <class name="SupportPortal.Api.SupportTicketService" filename="SupportTicketService.cs" line-rate="1" branch-rate="1" complexity="6">
          <methods>
            <method name="GetAllTickets" signature="()" line-rate="1" branch-rate="1" complexity="1">
              <lines>
                <line number="272" hits="14" branch="False" />
                <line number="273" hits="14" branch="False" />
                <line number="274" hits="14" branch="False" />
              </lines>
            </method>
            <method name="GetTicketById" signature="(System.Int32)" line-rate="1" branch-rate="1" complexity="1">
              <lines>
                <line number="277" hits="19" branch="False" />
                <line number="278" hits="439" branch="False" />
                <line number="279" hits="19" branch="False" />
              </lines>
            </method>
            <method name="AddTicket" signature="(SupportPortal.Api.SupportTicket)" line-rate="1" branch-rate="1" complexity="1">
              <lines>
                <line number="282" hits="20" branch="False" />
                <line number="283" hits="20" branch="False" />
                <line number="284" hits="20" branch="False" />
                <line number="285" hits="20" branch="False" />
                <line number="286" hits="20" branch="False" />
              </lines>
            </method>
            <method name="CloseTicket" signature="(System.Int32)" line-rate="1" branch-rate="1" complexity="2">
              <lines>
                <line number="289" hits="14" branch="False" />
                <line number="290" hits="357" branch="False" />
                <line number="291" hits="14" branch="True" condition-coverage="100% (2/2)">
                  <conditions>
                    <condition number="44" type="jump" coverage="100%" />
                  </conditions>
                </line>
                <line number="292" hits="7" branch="False" />
                <line number="293" hits="7" branch="False" />
                <line number="296" hits="7" branch="False" />
                <line number="297" hits="7" branch="False" />
                <line number="298" hits="14" branch="False" />
              </lines>
            </method>
            <method name=".ctor" signature="()" line-rate="1" branch-rate="1" complexity="1">
              <lines>
                <line number="5" hits="37" branch="False" />
                <line number="6" hits="37" branch="False" />
                <line number="8" hits="37" branch="False" />
                <line number="9" hits="37" branch="False" />
                <line number="11" hits="37" branch="False" />
                <line number="12" hits="37" branch="False" />
                <line number="13" hits="37" branch="False" />
                <line number="14" hits="37" branch="False" />
                <line number="15" hits="37" branch="False" />
                <line number="16" hits="37" branch="False" />
                <line number="17" hits="37" branch="False" />
                <line number="18" hits="37" branch="False" />
                <line number="19" hits="37" branch="False" />
                <line number="20" hits="37" branch="False" />
                <line number="22" hits="37" branch="False" />
                <line number="23" hits="37" branch="False" />
                <line number="24" hits="37" branch="False" />
                <line number="25" hits="37" branch="False" />
                <line number="26" hits="37" branch="False" />
                <line number="27" hits="37" branch="False" />
                <line number="28" hits="37" branch="False" />
                <line number="29" hits="37" branch="False" />
                <line number="30" hits="37" branch="False" />
                <line number="31" hits="37" branch="False" />
                <line number="33" hits="37" branch="False" />
                <line number="34" hits="37" branch="False" />
                <line number="35" hits="37" branch="False" />
                <line number="36" hits="37" branch="False" />
                <line number="37" hits="37" branch="False" />
                <line number="38" hits="37" branch="False" />
                <line number="39" hits="37" branch="False" />
                <line number="40" hits="37" branch="False" />
                <line number="41" hits="37" branch="False" />
                <line number="42" hits="37" branch="False" />
                <line number="44" hits="37" branch="False" />
                <line number="45" hits="37" branch="False" />
                <line number="46" hits="37" branch="False" />
                <line number="47" hits="37" branch="False" />
                <line number="48" hits="37" branch="False" />
                <line number="49" hits="37" branch="False" />
                <line number="50" hits="37" branch="False" />
                <line number="51" hits="37" branch="False" />
                <line number="52" hits="37" branch="False" />
                <line number="53" hits="37" branch="False" />
                <line number="54" hits="37" branch="False" />
                <line number="55" hits="37" branch="False" />
                <line number="56" hits="37" branch="False" />
                <line number="57" hits="37" branch="False" />
                <line number="58" hits="37" branch="False" />
                <line number="59" hits="37" branch="False" />
                <line number="60" hits="37" branch="False" />
                <line number="61" hits="37" branch="False" />
                <line number="62" hits="37" branch="False" />
                <line number="63" hits="37" branch="False" />
                <line number="65" hits="37" branch="False" />
                <line number="66" hits="37" branch="False" />
                <line number="67" hits="37" branch="False" />
                <line number="68" hits="37" branch="False" />
                <line number="69" hits="37" branch="False" />
                <line number="70" hits="37" branch="False" />
                <line number="71" hits="37" branch="False" />
                <line number="72" hits="37" branch="False" />
                <line number="73" hits="37" branch="False" />
                <line number="74" hits="37" branch="False" />
                <line number="76" hits="37" branch="False" />
                <line number="77" hits="37" branch="False" />
                <line number="78" hits="37" branch="False" />
                <line number="79" hits="37" branch="False" />
                <line number="80" hits="37" branch="False" />
                <line number="81" hits="37" branch="False" />
                <line number="82" hits="37" branch="False" />
                <line number="83" hits="37" branch="False" />
                <line number="84" hits="37" branch="False" />
                <line number="85" hits="37" branch="False" />
                <line number="87" hits="37" branch="False" />
                <line number="88" hits="37" branch="False" />
                <line number="89" hits="37" branch="False" />
                <line number="90" hits="37" branch="False" />
                <line number="91" hits="37" branch="False" />
                <line number="92" hits="37" branch="False" />
                <line number="93" hits="37" branch="False" />
                <line number="94" hits="37" branch="False" />
                <line number="95" hits="37" branch="False" />
                <line number="96" hits="37" branch="False" />
                <line number="97" hits="37" branch="False" />
                <line number="98" hits="37" branch="False" />
                <line number="99" hits="37" branch="False" />
                <line number="100" hits="37" branch="False" />
                <line number="101" hits="37" branch="False" />
                <line number="102" hits="37" branch="False" />
                <line number="103" hits="37" branch="False" />
                <line number="104" hits="37" branch="False" />
                <line number="105" hits="37" branch="False" />
                <line number="106" hits="37" branch="False" />
                <line number="108" hits="37" branch="False" />
                <line number="109" hits="37" branch="False" />
                <line number="110" hits="37" branch="False" />
                <line number="111" hits="37" branch="False" />
                <line number="112" hits="37" branch="False" />
                <line number="113" hits="37" branch="False" />
                <line number="114" hits="37" branch="False" />
                <line number="115" hits="37" branch="False" />
                <line number="116" hits="37" branch="False" />
                <line number="117" hits="37" branch="False" />
                <line number="119" hits="37" branch="False" />
                <line number="120" hits="37" branch="False" />
                <line number="121" hits="37" branch="False" />
                <line number="122" hits="37" branch="False" />
                <line number="123" hits="37" branch="False" />
                <line number="124" hits="37" branch="False" />
                <line number="125" hits="37" branch="False" />
                <line number="126" hits="37" branch="False" />
                <line number="127" hits="37" branch="False" />
                <line number="128" hits="37" branch="False" />
                <line number="130" hits="37" branch="False" />
                <line number="131" hits="37" branch="False" />
                <line number="132" hits="37" branch="False" />
                <line number="133" hits="37" branch="False" />
                <line number="134" hits="37" branch="False" />
                <line number="135" hits="37" branch="False" />
                <line number="136" hits="37" branch="False" />
                <line number="137" hits="37" branch="False" />
                <line number="138" hits="37" branch="False" />
                <line number="139" hits="37" branch="False" />
                <line number="140" hits="37" branch="False" />
                <line number="141" hits="37" branch="False" />
                <line number="142" hits="37" branch="False" />
                <line number="143" hits="37" branch="False" />
                <line number="144" hits="37" branch="False" />
                <line number="145" hits="37" branch="False" />
                <line number="146" hits="37" branch="False" />
                <line number="147" hits="37" branch="False" />
                <line number="148" hits="37" branch="False" />
                <line number="149" hits="37" branch="False" />
                <line number="151" hits="37" branch="False" />
                <line number="152" hits="37" branch="False" />
                <line number="153" hits="37" branch="False" />
                <line number="154" hits="37" branch="False" />
                <line number="155" hits="37" branch="False" />
                <line number="156" hits="37" branch="False" />
                <line number="157" hits="37" branch="False" />
                <line number="158" hits="37" branch="False" />
                <line number="159" hits="37" branch="False" />
                <line number="160" hits="37" branch="False" />
                <line number="162" hits="37" branch="False" />
                <line number="163" hits="37" branch="False" />
                <line number="164" hits="37" branch="False" />
                <line number="165" hits="37" branch="False" />
                <line number="166" hits="37" branch="False" />
                <line number="167" hits="37" branch="False" />
                <line number="168" hits="37" branch="False" />
                <line number="169" hits="37" branch="False" />
                <line number="170" hits="37" branch="False" />
                <line number="171" hits="37" branch="False" />
                <line number="173" hits="37" branch="False" />
                <line number="174" hits="37" branch="False" />
                <line number="175" hits="37" branch="False" />
                <line number="176" hits="37" branch="False" />
                <line number="177" hits="37" branch="False" />
                <line number="178" hits="37" branch="False" />
                <line number="179" hits="37" branch="False" />
                <line number="180" hits="37" branch="False" />
                <line number="181" hits="37" branch="False" />
                <line number="182" hits="37" branch="False" />
                <line number="183" hits="37" branch="False" />
                <line number="184" hits="37" branch="False" />
                <line number="185" hits="37" branch="False" />
                <line number="186" hits="37" branch="False" />
                <line number="187" hits="37" branch="False" />
                <line number="188" hits="37" branch="False" />
                <line number="189" hits="37" branch="False" />
                <line number="190" hits="37" branch="False" />
                <line number="191" hits="37" branch="False" />
                <line number="192" hits="37" branch="False" />
                <line number="194" hits="37" branch="False" />
                <line number="195" hits="37" branch="False" />
                <line number="196" hits="37" branch="False" />
                <line number="197" hits="37" branch="False" />
                <line number="198" hits="37" branch="False" />
                <line number="199" hits="37" branch="False" />
                <line number="200" hits="37" branch="False" />
                <line number="201" hits="37" branch="False" />
                <line number="202" hits="37" branch="False" />
                <line number="203" hits="37" branch="False" />
                <line number="205" hits="37" branch="False" />
                <line number="206" hits="37" branch="False" />
                <line number="207" hits="37" branch="False" />
                <line number="208" hits="37" branch="False" />
                <line number="209" hits="37" branch="False" />
                <line number="210" hits="37" branch="False" />
                <line number="211" hits="37" branch="False" />
                <line number="212" hits="37" branch="False" />
                <line number="213" hits="37" branch="False" />
                <line number="214" hits="37" branch="False" />
                <line number="216" hits="37" branch="False" />
                <line number="217" hits="37" branch="False" />
                <line number="218" hits="37" branch="False" />
                <line number="219" hits="37" branch="False" />
                <line number="220" hits="37" branch="False" />
                <line number="221" hits="37" branch="False" />
                <line number="222" hits="37" branch="False" />
                <line number="223" hits="37" branch="False" />
                <line number="224" hits="37" branch="False" />
                <line number="225" hits="37" branch="False" />
                <line number="226" hits="37" branch="False" />
                <line number="227" hits="37" branch="False" />
                <line number="228" hits="37" branch="False" />
                <line number="229" hits="37" branch="False" />
                <line number="230" hits="37" branch="False" />
                <line number="231" hits="37" branch="False" />
                <line number="232" hits="37" branch="False" />
                <line number="233" hits="37" branch="False" />
                <line number="234" hits="37" branch="False" />
                <line number="235" hits="37" branch="False" />
                <line number="237" hits="37" branch="False" />
                <line number="238" hits="37" branch="False" />
                <line number="239" hits="37" branch="False" />
                <line number="240" hits="37" branch="False" />
                <line number="241" hits="37" branch="False" />
                <line number="242" hits="37" branch="False" />
                <line number="243" hits="37" branch="False" />
                <line number="244" hits="37" branch="False" />
                <line number="245" hits="37" branch="False" />
                <line number="246" hits="37" branch="False" />
                <line number="248" hits="37" branch="False" />
                <line number="249" hits="37" branch="False" />
                <line number="250" hits="37" branch="False" />
                <line number="251" hits="37" branch="False" />
                <line number="252" hits="37" branch="False" />
                <line number="253" hits="37" branch="False" />
                <line number="254" hits="37" branch="False" />
                <line number="255" hits="37" branch="False" />
                <line number="256" hits="37" branch="False" />
                <line number="257" hits="37" branch="False" />
                <line number="259" hits="37" branch="False" />
                <line number="260" hits="37" branch="False" />
                <line number="261" hits="37" branch="False" />
                <line number="262" hits="37" branch="False" />
                <line number="263" hits="37" branch="False" />
                <line number="264" hits="37" branch="False" />
                <line number="265" hits="37" branch="False" />
                <line number="266" hits="37" branch="False" />
                <line number="267" hits="37" branch="False" />
                <line number="268" hits="37" branch="False" />
                <line number="269" hits="37" branch="False" />
              </lines>
            </method>
          </methods>
          <lines>
            <line number="272" hits="14" branch="False" />
            <line number="273" hits="14" branch="False" />
            <line number="274" hits="14" branch="False" />
            <line number="277" hits="19" branch="False" />
            <line number="278" hits="439" branch="False" />
            <line number="279" hits="19" branch="False" />
            <line number="282" hits="20" branch="False" />
            <line number="283" hits="20" branch="False" />
            <line number="284" hits="20" branch="False" />
            <line number="285" hits="20" branch="False" />
            <line number="286" hits="20" branch="False" />
            <line number="289" hits="14" branch="False" />
            <line number="290" hits="357" branch="False" />
            <line number="291" hits="14" branch="True" condition-coverage="100% (2/2)">
              <conditions>
                <condition number="44" type="jump" coverage="100%" />
              </conditions>
            </line>
            <line number="292" hits="7" branch="False" />
            <line number="293" hits="7" branch="False" />
            <line number="296" hits="7" branch="False" />
            <line number="297" hits="7" branch="False" />
            <line number="298" hits="14" branch="False" />
            <line number="5" hits="37" branch="False" />
            <line number="6" hits="37" branch="False" />
            <line number="8" hits="37" branch="False" />
            <line number="9" hits="37" branch="False" />
            <line number="11" hits="37" branch="False" />
            <line number="12" hits="37" branch="False" />
            <line number="13" hits="37" branch="False" />
            <line number="14" hits="37" branch="False" />
            <line number="15" hits="37" branch="False" />
            <line number="16" hits="37" branch="False" />
            <line number="17" hits="37" branch="False" />
            <line number="18" hits="37" branch="False" />
            <line number="19" hits="37" branch="False" />
            <line number="20" hits="37" branch="False" />
            <line number="22" hits="37" branch="False" />
            <line number="23" hits="37" branch="False" />
            <line number="24" hits="37" branch="False" />
            <line number="25" hits="37" branch="False" />
            <line number="26" hits="37" branch="False" />
            <line number="27" hits="37" branch="False" />
            <line number="28" hits="37" branch="False" />
            <line number="29" hits="37" branch="False" />
            <line number="30" hits="37" branch="False" />
            <line number="31" hits="37" branch="False" />
            <line number="33" hits="37" branch="False" />
            <line number="34" hits="37" branch="False" />
            <line number="35" hits="37" branch="False" />
            <line number="36" hits="37" branch="False" />
            <line number="37" hits="37" branch="False" />
            <line number="38" hits="37" branch="False" />
            <line number="39" hits="37" branch="False" />
            <line number="40" hits="37" branch="False" />
            <line number="41" hits="37" branch="False" />
            <line number="42" hits="37" branch="False" />
            <line number="44" hits="37" branch="False" />
            <line number="45" hits="37" branch="False" />
            <line number="46" hits="37" branch="False" />
            <line number="47" hits="37" branch="False" />
            <line number="48" hits="37" branch="False" />
            <line number="49" hits="37" branch="False" />
            <line number="50" hits="37" branch="False" />
            <line number="51" hits="37" branch="False" />
            <line number="52" hits="37" branch="False" />
            <line number="53" hits="37" branch="False" />
            <line number="54" hits="37" branch="False" />
            <line number="55" hits="37" branch="False" />
            <line number="56" hits="37" branch="False" />
            <line number="57" hits="37" branch="False" />
            <line number="58" hits="37" branch="False" />
            <line number="59" hits="37" branch="False" />
            <line number="60" hits="37" branch="False" />
            <line number="61" hits="37" branch="False" />
            <line number="62" hits="37" branch="False" />
            <line number="63" hits="37" branch="False" />
            <line number="65" hits="37" branch="False" />
            <line number="66" hits="37" branch="False" />
            <line number="67" hits="37" branch="False" />
            <line number="68" hits="37" branch="False" />
            <line number="69" hits="37" branch="False" />
            <line number="70" hits="37" branch="False" />
            <line number="71" hits="37" branch="False" />
            <line number="72" hits="37" branch="False" />
            <line number="73" hits="37" branch="False" />
            <line number="74" hits="37" branch="False" />
            <line number="76" hits="37" branch="False" />
            <line number="77" hits="37" branch="False" />
            <line number="78" hits="37" branch="False" />
            <line number="79" hits="37" branch="False" />
            <line number="80" hits="37" branch="False" />
            <line number="81" hits="37" branch="False" />
            <line number="82" hits="37" branch="False" />
            <line number="83" hits="37" branch="False" />
            <line number="84" hits="37" branch="False" />
            <line number="85" hits="37" branch="False" />
            <line number="87" hits="37" branch="False" />
            <line number="88" hits="37" branch="False" />
            <line number="89" hits="37" branch="False" />
            <line number="90" hits="37" branch="False" />
            <line number="91" hits="37" branch="False" />
            <line number="92" hits="37" branch="False" />
            <line number="93" hits="37" branch="False" />
            <line number="94" hits="37" branch="False" />
            <line number="95" hits="37" branch="False" />
            <line number="96" hits="37" branch="False" />
            <line number="97" hits="37" branch="False" />
            <line number="98" hits="37" branch="False" />
            <line number="99" hits="37" branch="False" />
            <line number="100" hits="37" branch="False" />
            <line number="101" hits="37" branch="False" />
            <line number="102" hits="37" branch="False" />
            <line number="103" hits="37" branch="False" />
            <line number="104" hits="37" branch="False" />
            <line number="105" hits="37" branch="False" />
            <line number="106" hits="37" branch="False" />
            <line number="108" hits="37" branch="False" />
            <line number="109" hits="37" branch="False" />
            <line number="110" hits="37" branch="False" />
            <line number="111" hits="37" branch="False" />
            <line number="112" hits="37" branch="False" />
            <line number="113" hits="37" branch="False" />
            <line number="114" hits="37" branch="False" />
            <line number="115" hits="37" branch="False" />
            <line number="116" hits="37" branch="False" />
            <line number="117" hits="37" branch="False" />
            <line number="119" hits="37" branch="False" />
            <line number="120" hits="37" branch="False" />
            <line number="121" hits="37" branch="False" />
            <line number="122" hits="37" branch="False" />
            <line number="123" hits="37" branch="False" />
            <line number="124" hits="37" branch="False" />
            <line number="125" hits="37" branch="False" />
            <line number="126" hits="37" branch="False" />
            <line number="127" hits="37" branch="False" />
            <line number="128" hits="37" branch="False" />
            <line number="130" hits="37" branch="False" />
            <line number="131" hits="37" branch="False" />
            <line number="132" hits="37" branch="False" />
            <line number="133" hits="37" branch="False" />
            <line number="134" hits="37" branch="False" />
            <line number="135" hits="37" branch="False" />
            <line number="136" hits="37" branch="False" />
            <line number="137" hits="37" branch="False" />
            <line number="138" hits="37" branch="False" />
            <line number="139" hits="37" branch="False" />
            <line number="140" hits="37" branch="False" />
            <line number="141" hits="37" branch="False" />
            <line number="142" hits="37" branch="False" />
            <line number="143" hits="37" branch="False" />
            <line number="144" hits="37" branch="False" />
            <line number="145" hits="37" branch="False" />
            <line number="146" hits="37" branch="False" />
            <line number="147" hits="37" branch="False" />
            <line number="148" hits="37" branch="False" />
            <line number="149" hits="37" branch="False" />
            <line number="151" hits="37" branch="False" />
            <line number="152" hits="37" branch="False" />
            <line number="153" hits="37" branch="False" />
            <line number="154" hits="37" branch="False" />
            <line number="155" hits="37" branch="False" />
            <line number="156" hits="37" branch="False" />
            <line number="157" hits="37" branch="False" />
            <line number="158" hits="37" branch="False" />
            <line number="159" hits="37" branch="False" />
            <line number="160" hits="37" branch="False" />
            <line number="162" hits="37" branch="False" />
            <line number="163" hits="37" branch="False" />
            <line number="164" hits="37" branch="False" />
            <line number="165" hits="37" branch="False" />
            <line number="166" hits="37" branch="False" />
            <line number="167" hits="37" branch="False" />
            <line number="168" hits="37" branch="False" />
            <line number="169" hits="37" branch="False" />
            <line number="170" hits="37" branch="False" />
            <line number="171" hits="37" branch="False" />
            <line number="173" hits="37" branch="False" />
            <line number="174" hits="37" branch="False" />
            <line number="175" hits="37" branch="False" />
            <line number="176" hits="37" branch="False" />
            <line number="177" hits="37" branch="False" />
            <line number="178" hits="37" branch="False" />
            <line number="179" hits="37" branch="False" />
            <line number="180" hits="37" branch="False" />
            <line number="181" hits="37" branch="False" />
            <line number="182" hits="37" branch="False" />
            <line number="183" hits="37" branch="False" />
            <line number="184" hits="37" branch="False" />
            <line number="185" hits="37" branch="False" />
            <line number="186" hits="37" branch="False" />
            <line number="187" hits="37" branch="False" />
            <line number="188" hits="37" branch="False" />
            <line number="189" hits="37" branch="False" />
            <line number="190" hits="37" branch="False" />
            <line number="191" hits="37" branch="False" />
            <line number="192" hits="37" branch="False" />
            <line number="194" hits="37" branch="False" />
            <line number="195" hits="37" branch="False" />
            <line number="196" hits="37" branch="False" />
            <line number="197" hits="37" branch="False" />
            <line number="198" hits="37" branch="False" />
            <line number="199" hits="37" branch="False" />
            <line number="200" hits="37" branch="False" />
            <line number="201" hits="37" branch="False" />
            <line number="202" hits="37" branch="False" />
            <line number="203" hits="37" branch="False" />
            <line number="205" hits="37" branch="False" />
            <line number="206" hits="37" branch="False" />
            <line number="207" hits="37" branch="False" />
            <line number="208" hits="37" branch="False" />
            <line number="209" hits="37" branch="False" />
            <line number="210" hits="37" branch="False" />
            <line number="211" hits="37" branch="False" />
            <line number="212" hits="37" branch="False" />
            <line number="213" hits="37" branch="False" />
            <line number="214" hits="37" branch="False" />
            <line number="216" hits="37" branch="False" />
            <line number="217" hits="37" branch="False" />
            <line number="218" hits="37" branch="False" />
            <line number="219" hits="37" branch="False" />
            <line number="220" hits="37" branch="False" />
            <line number="221" hits="37" branch="False" />
            <line number="222" hits="37" branch="False" />
            <line number="223" hits="37" branch="False" />
            <line number="224" hits="37" branch="False" />
            <line number="225" hits="37" branch="False" />
            <line number="226" hits="37" branch="False" />
            <line number="227" hits="37" branch="False" />
            <line number="228" hits="37" branch="False" />
            <line number="229" hits="37" branch="False" />
            <line number="230" hits="37" branch="False" />
            <line number="231" hits="37" branch="False" />
            <line number="232" hits="37" branch="False" />
            <line number="233" hits="37" branch="False" />
            <line number="234" hits="37" branch="False" />
            <line number="235" hits="37" branch="False" />
            <line number="237" hits="37" branch="False" />
            <line number="238" hits="37" branch="False" />
            <line number="239" hits="37" branch="False" />
            <line number="240" hits="37" branch="False" />
            <line number="241" hits="37" branch="False" />
            <line number="242" hits="37" branch="False" />
            <line number="243" hits="37" branch="False" />
            <line number="244" hits="37" branch="False" />
            <line number="245" hits="37" branch="False" />
            <line number="246" hits="37" branch="False" />
            <line number="248" hits="37" branch="False" />
            <line number="249" hits="37" branch="False" />
            <line number="250" hits="37" branch="False" />
            <line number="251" hits="37" branch="False" />
            <line number="252" hits="37" branch="False" />
            <line number="253" hits="37" branch="False" />
            <line number="254" hits="37" branch="False" />
            <line number="255" hits="37" branch="False" />
            <line number="256" hits="37" branch="False" />
            <line number="257" hits="37" branch="False" />
            <line number="259" hits="37" branch="False" />
            <line number="260" hits="37" branch="False" />
            <line number="261" hits="37" branch="False" />
            <line number="262" hits="37" branch="False" />
            <line number="263" hits="37" branch="False" />
            <line number="264" hits="37" branch="False" />
            <line number="265" hits="37" branch="False" />
            <line number="266" hits="37" branch="False" />
            <line number="267" hits="37" branch="False" />
            <line number="268" hits="37" branch="False" />
            <line number="269" hits="37" branch="False" />
          </lines>
        </class>
      </classes>
    </package>
  </packages>
</coverage>